Arguments: 
  /usr/local/Cellar/node/9.4.0/bin/node /usr/local/bin/yarn add

PATH: 
  /usr/local/bin:/usr/bin:/bin:/usr/sbin:/sbin

Yarn version: 
  1.5.1

Node version: 
  9.4.0

Platform: 
  darwin x64

npm manifest: 
  {
    "name": "testjepbyJep",
    "version": "1.0.0",
    "description": "",
    "main": "server.js",
    "scripts": {
      "test": "echo \"Error: no test specified\" && exit 1",
      "start": "node server.js"
    },
    "repository": {
      "type": "git",
      "url": "git+https://github.com/nlweber3/testjepbyJep.git"
    },
    "keywords": [],
    "author": "",
    "license": "ISC",
    "bugs": {
      "url": "https://github.com/nlweber3/testjepbyJep/issues"
    },
    "homepage": "https://github.com/nlweber3/testjepbyJep#readme",
    "dependencies": {
      "bcrypt-nodejs": "0.0.3",
      "body-parser": "^1.18.2",
      "cookie-parser": "^1.4.3",
      "dotenv": "^5.0.1",
      "express": "^4.16.3",
      "express-session": "^1.15.6",
      "jsonwebtoken": "^8.2.1",
      "mongoose": "^5.0.17",
      "morgan": "^1.9.0",
      "passport": "^0.4.0",
      "passport-facebook": "^2.1.1",
      "passport-jwt": "^4.0.0",
      "shopify-node-api": "^1.8.0"
    }
  }

yarn manifest: 
  No manifest

Lockfile: 
  No lockfile

Trace: 
  Error: Missing list of packages to add to your project.
      at new MessageError (/usr/local/lib/node_modules/yarn/lib/cli.js:186:110)
      at Object.<anonymous> (/usr/local/lib/node_modules/yarn/lib/cli.js:40587:13)
      at Generator.next (<anonymous>)
      at step (/usr/local/lib/node_modules/yarn/lib/cli.js:98:30)
      at /usr/local/lib/node_modules/yarn/lib/cli.js:116:14
      at new Promise (<anonymous>)
      at new F (/usr/local/lib/node_modules/yarn/lib/cli.js:23451:28)
      at Object.<anonymous> (/usr/local/lib/node_modules/yarn/lib/cli.js:95:12)
      at Object.run (/usr/local/lib/node_modules/yarn/lib/cli.js:40599:19)
      at run (/usr/local/lib/node_modules/yarn/lib/cli.js:89113:20)
